\BOOKMARK [1][-]{section.1}{\376\377\000I\000n\000t\000r\000o\000d\000u\000c\000t\000i\000o\000n}{}% 1
\BOOKMARK [2][-]{subsection.1.1}{\376\377\000T\000h\000e\000\040\000C\000o\000m\000p\000l\000e\000x\000\040\000N\000u\000m\000b\000e\000r\000\040\000Q\000u\000e\000s\000t\000i\000o\000n}{section.1}% 2
\BOOKMARK [2][-]{subsection.1.2}{\376\377\000A\000\040\000S\000i\000n\000g\000l\000e\000\040\000E\000q\000u\000a\000t\000i\000o\000n}{section.1}% 3
\BOOKMARK [2][-]{subsection.1.3}{\376\377\000P\000h\000y\000s\000i\000c\000a\000l\000\040\000C\000o\000r\000r\000e\000s\000p\000o\000n\000d\000e\000n\000c\000e\000:\000\040\000E\000n\000e\000r\000g\000y\000\040\000F\000o\000r\000m\000u\000l\000a\000t\000i\000o\000n}{section.1}% 4
\BOOKMARK [2][-]{subsection.1.4}{\376\377\000O\000r\000i\000g\000i\000n\000\040\000a\000n\000d\000\040\000V\000a\000l\000i\000d\000a\000t\000i\000o\000n\000\040\000S\000t\000r\000a\000t\000e\000g\000y}{section.1}% 5
\BOOKMARK [1][-]{section.2}{\376\377\000N\000e\000u\000t\000r\000i\000n\000o\000\040\000V\000a\000l\000i\000d\000a\000t\000i\000o\000n}{}% 6
\BOOKMARK [2][-]{subsection.2.1}{\376\377\000I\000c\000e\000C\000u\000b\000e\000\040\000C\000o\000r\000r\000e\000l\000a\000t\000i\000o\000n\000\040\000D\000i\000m\000e\000n\000s\000i\000o\000n}{section.2}% 7
\BOOKMARK [2][-]{subsection.2.2}{\376\377\000S\000u\000p\000e\000r\000-\000K\000a\000m\000i\000o\000k\000a\000n\000d\000e\000\040\000M\000a\000s\000s\000\040\000V\000a\000l\000i\000d\000a\000t\000i\000o\000n}{section.2}% 8
\BOOKMARK [2][-]{subsection.2.3}{\376\377\000D\000i\000s\000c\000o\000v\000e\000r\000y\000\040\000o\000f\000\040\000t\000h\000e\000\040\0000\000.\0003\0005\000\040\000T\000h\000r\000e\000s\000h\000o\000l\000d}{section.2}% 9
\BOOKMARK [1][-]{section.3}{\376\377\000S\000t\000e\000l\000l\000a\000r\000\040\000O\000s\000c\000i\000l\000l\000a\000t\000i\000o\000n\000\040\000V\000a\000l\000i\000d\000a\000t\000i\000o\000n}{}% 10
\BOOKMARK [2][-]{subsection.3.1}{\376\377\000T\000h\000e\000\040\0004\0005\0006\000\040\000H\000a\000r\000m\000o\000n\000i\000c}{section.3}% 11
\BOOKMARK [2][-]{subsection.3.2}{\376\377\000P\000e\000r\000i\000o\000d\000\040\000D\000i\000s\000t\000r\000i\000b\000u\000t\000i\000o\000n}{section.3}% 12
\BOOKMARK [2][-]{subsection.3.3}{\376\377\000A\000m\000p\000l\000i\000t\000u\000d\000e\000\040\000D\000a\000m\000p\000i\000n\000g}{section.3}% 13
\BOOKMARK [2][-]{subsection.3.4}{\376\377\000S\000o\000l\000a\000r\000\040\000a\000n\000d\000\040\000N\000e\000u\000t\000r\000i\000n\000o\000\040\000P\000e\000r\000i\000o\000d\000i\000c\000i\000t\000i\000e\000s}{section.3}% 14
\BOOKMARK [2][-]{subsection.3.5}{\376\377\000G\000a\000s\000\040\000G\000i\000a\000n\000t\000\040\000V\000a\000l\000i\000d\000a\000t\000i\000o\000n}{section.3}% 15
\BOOKMARK [1][-]{section.4}{\376\377\000N\000u\000m\000b\000e\000r\000-\000T\000h\000e\000o\000r\000e\000t\000i\000c\000\040\000C\000o\000n\000n\000e\000c\000t\000i\000o\000n}{}% 16
\BOOKMARK [2][-]{subsection.4.1}{\376\377\000T\000h\000e\000\040\0001\0006\0008\000e\000\040\000D\000e\000r\000i\000v\000a\000t\000i\000o\000n\000:\000\040\000D\000i\000s\000c\000r\000e\000t\000e\000\040\000S\000t\000r\000u\000c\000t\000u\000r\000e\000\040\000M\000e\000e\000t\000s\000\040\000C\000o\000n\000t\000i\000n\000u\000o\000u\000s\000\040\000D\000y\000n\000a\000m\000i\000c\000s}{section.4}% 17
\BOOKMARK [2][-]{subsection.4.2}{\376\377\000E\000l\000l\000i\000p\000t\000i\000c\000\040\000C\000u\000r\000v\000e\000\040\000M\000u\000r\000m\000u\000r\000a\000t\000i\000o\000n\000s}{section.4}% 18
\BOOKMARK [2][-]{subsection.4.3}{\376\377\000P\000r\000i\000m\000e\000s\000\040\000E\000n\000c\000o\000d\000e\000\040\000t\000h\000e\000\040\000C\000o\000u\000p\000l\000i\000n\000g}{section.4}% 19
\BOOKMARK [1][-]{section.5}{\376\377\000T\000h\000e\000o\000r\000e\000t\000i\000c\000a\000l\000\040\000F\000r\000a\000m\000e\000w\000o\000r\000k}{}% 20
\BOOKMARK [2][-]{subsection.5.1}{\376\377\000T\000h\000e\000\040\000M\000a\000s\000t\000e\000r\000\040\000E\000q\000u\000a\000t\000i\000o\000n}{section.5}% 21
\BOOKMARK [2][-]{subsection.5.2}{\376\377\000Z\000o\000n\000e\000\040\000S\000t\000r\000u\000c\000t\000u\000r\000e}{section.5}% 22
\BOOKMARK [2][-]{subsection.5.3}{\376\377\000R\000e\000a\000l\000\040\000N\000u\000m\000b\000e\000r\000s\000\040\000O\000n\000l\000y}{section.5}% 23
\BOOKMARK [1][-]{section.6}{\376\377\000D\000i\000s\000c\000u\000s\000s\000i\000o\000n}{}% 24
\BOOKMARK [2][-]{subsection.6.1}{\376\377\000S\000u\000m\000m\000a\000r\000y\000\040\000o\000f\000\040\000V\000a\000l\000i\000d\000a\000t\000i\000o\000n\000s}{section.6}% 25
\BOOKMARK [2][-]{subsection.6.2}{\376\377\000F\000a\000l\000s\000i\000f\000i\000c\000a\000t\000i\000o\000n\000\040\000C\000r\000i\000t\000e\000r\000i\000a}{section.6}% 26
\BOOKMARK [2][-]{subsection.6.3}{\376\377\000I\000m\000p\000l\000i\000c\000a\000t\000i\000o\000n\000s}{section.6}% 27
